<?xml version="1.0" encoding="UTF-8"?>
<!-- Generated by org.testng.reporters.JUnitReportReporter -->
<testsuite skipped="0" hostname="MacBook-Pro.localdomain" name="MavenTask.BobcatSuite" tests="1" failures="0" timestamp="17 Sep 2018 12:01:21 GMT" time="12.405" errors="0">
  <testcase name="test" time="12.405" classname="MavenTask.BobcatSuite"/>
</testsuite> <!-- MavenTask.BobcatSuite -->
